<?xml version="1.0" encoding="UTF-8"?>
<!-- Generated by org.testng.reporters.JUnitReportReporter -->
<testsuite hostname="imba-xiaodeMacBook-Pro.local" name="com.evergrande.TestCases.WeChatLogin" tests="1" failures="0" timestamp="4 Jul 2018 08:40:00 GMT" time="29.114" errors="0">
  <testcase name="case1" time="29.114" classname="com.evergrande.TestCases.WeChatLogin"/>
</testsuite> <!-- com.evergrande.TestCases.WeChatLogin -->
