<?xml version="1.0" encoding="UTF-8"?>
<!-- Generated by org.testng.reporters.JUnitReportReporter -->
<testsuite hostname="bogon" name="com.evergrande.TestCases.WeChatLogin" tests="1" failures="0" timestamp="12 Jul 2018 12:01:44 GMT" time="271.791" errors="0">
  <testcase name="allTest" time="271.791" classname="com.evergrande.TestCases.WeChatLogin"/>
</testsuite> <!-- com.evergrande.TestCases.WeChatLogin -->
